<?xml version="1.0" encoding="UTF-8"?>
<!-- Generated by org.testng.reporters.JUnitReportReporter -->
<testsuite skipped="0" hostname="ASDP1747PO02529" name="testNgdemo.TatocTest" tests="2" failures="0" timestamp="27 Jun 2018 04:21:45 GMT" time="0.497" errors="0">
  <testcase name="gridGateRed" time="0.158" classname="testNgdemo.TatocTest"/>
  <testcase name="gridGateGreen" time="0.339" classname="testNgdemo.TatocTest"/>
</testsuite> <!-- testNgdemo.TatocTest -->
