<?xml version="1.0" encoding="UTF-8"?>
<!-- Generated by org.testng.reporters.JUnitReportReporter -->
<testsuite skipped="0" hostname="ASDP1747PO02529" name="testNgdemo.Testdemo" tests="1" failures="0" timestamp="27 Jun 2018 04:06:01 GMT" time="0.249" errors="0">
  <testcase name="homePage" time="0.249" classname="testNgdemo.Testdemo"/>
</testsuite> <!-- testNgdemo.Testdemo -->
